2024-12-28 00:00:59 ERROR - Cannot delete or update a parent row: a foreign key constraint fails (`inventory`.`products`, CONSTRAINT `FKrk2vqdfq7yhpy5qgive31cpfi` FOREIGN KEY (`supplier_id`) REFERENCES `suppliers` (`id`))
2024-12-28 00:01:33 ERROR - Cannot delete or update a parent row: a foreign key constraint fails (`inventory`.`products`, CONSTRAINT `FKrk2vqdfq7yhpy5qgive31cpfi` FOREIGN KEY (`supplier_id`) REFERENCES `suppliers` (`id`))
2024-12-28 00:02:58 ERROR - Cannot delete or update a parent row: a foreign key constraint fails (`inventory`.`products`, CONSTRAINT `FKrk2vqdfq7yhpy5qgive31cpfi` FOREIGN KEY (`supplier_id`) REFERENCES `suppliers` (`id`))
2024-12-28 00:03:15 ERROR - Cannot delete or update a parent row: a foreign key constraint fails (`inventory`.`products`, CONSTRAINT `FKrk2vqdfq7yhpy5qgive31cpfi` FOREIGN KEY (`supplier_id`) REFERENCES `suppliers` (`id`))
2024-12-28 00:03:47 ERROR - Cannot delete or update a parent row: a foreign key constraint fails (`inventory`.`products`, CONSTRAINT `FKrk2vqdfq7yhpy5qgive31cpfi` FOREIGN KEY (`supplier_id`) REFERENCES `suppliers` (`id`))
2024-12-28 00:04:48 ERROR - Cannot delete or update a parent row: a foreign key constraint fails (`inventory`.`products`, CONSTRAINT `FKrk2vqdfq7yhpy5qgive31cpfi` FOREIGN KEY (`supplier_id`) REFERENCES `suppliers` (`id`))
2024-12-28 00:05:15 ERROR - Cannot delete or update a parent row: a foreign key constraint fails (`inventory`.`products`, CONSTRAINT `FKrk2vqdfq7yhpy5qgive31cpfi` FOREIGN KEY (`supplier_id`) REFERENCES `suppliers` (`id`))
2024-12-28 00:06:45 ERROR - Cannot delete or update a parent row: a foreign key constraint fails (`inventory`.`products`, CONSTRAINT `FKrk2vqdfq7yhpy5qgive31cpfi` FOREIGN KEY (`supplier_id`) REFERENCES `suppliers` (`id`))
2024-12-28 00:06:50 ERROR - Cannot delete or update a parent row: a foreign key constraint fails (`inventory`.`products`, CONSTRAINT `FKrk2vqdfq7yhpy5qgive31cpfi` FOREIGN KEY (`supplier_id`) REFERENCES `suppliers` (`id`))
2024-12-28 00:06:54 ERROR - Cannot delete or update a parent row: a foreign key constraint fails (`inventory`.`products`, CONSTRAINT `FKrk2vqdfq7yhpy5qgive31cpfi` FOREIGN KEY (`supplier_id`) REFERENCES `suppliers` (`id`))
2024-12-28 00:06:59 ERROR - Cannot delete or update a parent row: a foreign key constraint fails (`inventory`.`products`, CONSTRAINT `FKrk2vqdfq7yhpy5qgive31cpfi` FOREIGN KEY (`supplier_id`) REFERENCES `suppliers` (`id`))
2024-12-28 00:07:05 ERROR - Cannot delete or update a parent row: a foreign key constraint fails (`inventory`.`products`, CONSTRAINT `FKrk2vqdfq7yhpy5qgive31cpfi` FOREIGN KEY (`supplier_id`) REFERENCES `suppliers` (`id`))
2024-12-28 00:07:09 ERROR - Cannot delete or update a parent row: a foreign key constraint fails (`inventory`.`products`, CONSTRAINT `FKrk2vqdfq7yhpy5qgive31cpfi` FOREIGN KEY (`supplier_id`) REFERENCES `suppliers` (`id`))
2024-12-28 00:38:35 ERROR - Cannot delete or update a parent row: a foreign key constraint fails (`inventory`.`products`, CONSTRAINT `FK827lf8qbstfj3abq30f0asvv6` FOREIGN KEY (`category_id`) REFERENCES `categories` (`id`))
2024-12-28 00:38:38 ERROR - Cannot delete or update a parent row: a foreign key constraint fails (`inventory`.`products`, CONSTRAINT `FK827lf8qbstfj3abq30f0asvv6` FOREIGN KEY (`category_id`) REFERENCES `categories` (`id`))
2024-12-28 00:38:42 ERROR - Cannot delete or update a parent row: a foreign key constraint fails (`inventory`.`products`, CONSTRAINT `FK827lf8qbstfj3abq30f0asvv6` FOREIGN KEY (`category_id`) REFERENCES `categories` (`id`))
2024-12-28 00:43:55 ERROR - Cannot delete or update a parent row: a foreign key constraint fails (`inventory`.`products`, CONSTRAINT `FK827lf8qbstfj3abq30f0asvv6` FOREIGN KEY (`category_id`) REFERENCES `categories` (`id`))
2024-12-28 00:44:12 ERROR - Cannot delete or update a parent row: a foreign key constraint fails (`inventory`.`products`, CONSTRAINT `FK827lf8qbstfj3abq30f0asvv6` FOREIGN KEY (`category_id`) REFERENCES `categories` (`id`))
2024-12-28 00:47:52 ERROR - Application run failed
org.springframework.beans.factory.BeanCreationException: Error creating bean with name 'handlerExceptionResolver' defined in class path resource [org/springframework/boot/autoconfigure/web/servlet/WebMvcAutoConfiguration$EnableWebMvcConfiguration.class]: Failed to instantiate [org.springframework.web.servlet.HandlerExceptionResolver]: Factory method 'handlerExceptionResolver' threw exception with message: Ambiguous @ExceptionHandler method mapped for [class org.springframework.dao.DataIntegrityViolationException]: {public org.springframework.http.ResponseEntity gr.aueb.cf.inventorymanagementsystem.core.exceptions.GlobalExceptionHandler.handleSupplierConstraintViolation(org.springframework.dao.DataIntegrityViolationException), public org.springframework.http.ResponseEntity gr.aueb.cf.inventorymanagementsystem.core.exceptions.GlobalExceptionHandler.handleDataIntegrityViolation(org.springframework.dao.DataIntegrityViolationException)}
	at org.springframework.beans.factory.support.ConstructorResolver.instantiate(ConstructorResolver.java:648)
	at org.springframework.beans.factory.support.ConstructorResolver.instantiateUsingFactoryMethod(ConstructorResolver.java:636)
	at org.springframework.beans.factory.support.AbstractAutowireCapableBeanFactory.instantiateUsingFactoryMethod(AbstractAutowireCapableBeanFactory.java:1355)
	at org.springframework.beans.factory.support.AbstractAutowireCapableBeanFactory.createBeanInstance(AbstractAutowireCapableBeanFactory.java:1185)
	at org.springframework.beans.factory.support.AbstractAutowireCapableBeanFactory.doCreateBean(AbstractAutowireCapableBeanFactory.java:562)
	at org.springframework.beans.factory.support.AbstractAutowireCapableBeanFactory.createBean(AbstractAutowireCapableBeanFactory.java:522)
	at org.springframework.beans.factory.support.AbstractBeanFactory.lambda$doGetBean$0(AbstractBeanFactory.java:337)
	at org.springframework.beans.factory.support.DefaultSingletonBeanRegistry.getSingleton(DefaultSingletonBeanRegistry.java:234)
	at org.springframework.beans.factory.support.AbstractBeanFactory.doGetBean(AbstractBeanFactory.java:335)
	at org.springframework.beans.factory.support.AbstractBeanFactory.getBean(AbstractBeanFactory.java:200)
	at org.springframework.beans.factory.support.DefaultListableBeanFactory.preInstantiateSingletons(DefaultListableBeanFactory.java:975)
	at org.springframework.context.support.AbstractApplicationContext.finishBeanFactoryInitialization(AbstractApplicationContext.java:971)
	at org.springframework.context.support.AbstractApplicationContext.refresh(AbstractApplicationContext.java:625)
	at org.springframework.boot.web.servlet.context.ServletWebServerApplicationContext.refresh(ServletWebServerApplicationContext.java:146)
	at org.springframework.boot.SpringApplication.refresh(SpringApplication.java:754)
	at org.springframework.boot.SpringApplication.refreshContext(SpringApplication.java:456)
	at org.springframework.boot.SpringApplication.run(SpringApplication.java:335)
	at org.springframework.boot.SpringApplication.run(SpringApplication.java:1363)
	at org.springframework.boot.SpringApplication.run(SpringApplication.java:1352)
	at gr.aueb.cf.inventorymanagementsystem.InventoryManagmentSystemApplication.main(InventoryManagmentSystemApplication.java:14)
	at java.base/jdk.internal.reflect.NativeMethodAccessorImpl.invoke0(Native Method)
	at java.base/jdk.internal.reflect.NativeMethodAccessorImpl.invoke(NativeMethodAccessorImpl.java:77)
	at java.base/jdk.internal.reflect.DelegatingMethodAccessorImpl.invoke(DelegatingMethodAccessorImpl.java:43)
	at java.base/java.lang.reflect.Method.invoke(Method.java:568)
	at org.springframework.boot.devtools.restart.RestartLauncher.run(RestartLauncher.java:50)
Caused by: org.springframework.beans.BeanInstantiationException: Failed to instantiate [org.springframework.web.servlet.HandlerExceptionResolver]: Factory method 'handlerExceptionResolver' threw exception with message: Ambiguous @ExceptionHandler method mapped for [class org.springframework.dao.DataIntegrityViolationException]: {public org.springframework.http.ResponseEntity gr.aueb.cf.inventorymanagementsystem.core.exceptions.GlobalExceptionHandler.handleSupplierConstraintViolation(org.springframework.dao.DataIntegrityViolationException), public org.springframework.http.ResponseEntity gr.aueb.cf.inventorymanagementsystem.core.exceptions.GlobalExceptionHandler.handleDataIntegrityViolation(org.springframework.dao.DataIntegrityViolationException)}
	at org.springframework.beans.factory.support.SimpleInstantiationStrategy.instantiate(SimpleInstantiationStrategy.java:178)
	at org.springframework.beans.factory.support.ConstructorResolver.instantiate(ConstructorResolver.java:644)
	... 24 common frames omitted
Caused by: java.lang.IllegalStateException: Ambiguous @ExceptionHandler method mapped for [class org.springframework.dao.DataIntegrityViolationException]: {public org.springframework.http.ResponseEntity gr.aueb.cf.inventorymanagementsystem.core.exceptions.GlobalExceptionHandler.handleSupplierConstraintViolation(org.springframework.dao.DataIntegrityViolationException), public org.springframework.http.ResponseEntity gr.aueb.cf.inventorymanagementsystem.core.exceptions.GlobalExceptionHandler.handleDataIntegrityViolation(org.springframework.dao.DataIntegrityViolationException)}
	at org.springframework.web.method.annotation.ExceptionHandlerMethodResolver.addExceptionMapping(ExceptionHandlerMethodResolver.java:114)
	at org.springframework.web.method.annotation.ExceptionHandlerMethodResolver.<init>(ExceptionHandlerMethodResolver.java:78)
	at org.springframework.web.servlet.mvc.method.annotation.ExceptionHandlerExceptionResolver.initExceptionHandlerAdviceCache(ExceptionHandlerExceptionResolver.java:289)
	at org.springframework.web.servlet.mvc.method.annotation.ExceptionHandlerExceptionResolver.afterPropertiesSet(ExceptionHandlerExceptionResolver.java:256)
	at org.springframework.web.servlet.config.annotation.WebMvcConfigurationSupport.addDefaultHandlerExceptionResolvers(WebMvcConfigurationSupport.java:1063)
	at org.springframework.web.servlet.config.annotation.WebMvcConfigurationSupport.handlerExceptionResolver(WebMvcConfigurationSupport.java:1005)
	at java.base/jdk.internal.reflect.NativeMethodAccessorImpl.invoke0(Native Method)
	at java.base/jdk.internal.reflect.NativeMethodAccessorImpl.invoke(NativeMethodAccessorImpl.java:77)
	at java.base/jdk.internal.reflect.DelegatingMethodAccessorImpl.invoke(DelegatingMethodAccessorImpl.java:43)
	at java.base/java.lang.reflect.Method.invoke(Method.java:568)
	at org.springframework.beans.factory.support.SimpleInstantiationStrategy.instantiate(SimpleInstantiationStrategy.java:146)
	... 25 common frames omitted
2024-12-28 00:49:43 ERROR - Cannot delete or update a parent row: a foreign key constraint fails (`inventory`.`products`, CONSTRAINT `FK827lf8qbstfj3abq30f0asvv6` FOREIGN KEY (`category_id`) REFERENCES `categories` (`id`))
2024-12-28 00:49:47 ERROR - Cannot delete or update a parent row: a foreign key constraint fails (`inventory`.`products`, CONSTRAINT `FK827lf8qbstfj3abq30f0asvv6` FOREIGN KEY (`category_id`) REFERENCES `categories` (`id`))
2024-12-28 00:49:56 ERROR - Cannot delete or update a parent row: a foreign key constraint fails (`inventory`.`products`, CONSTRAINT `FKrk2vqdfq7yhpy5qgive31cpfi` FOREIGN KEY (`supplier_id`) REFERENCES `suppliers` (`id`))
2024-12-28 00:49:59 ERROR - Cannot delete or update a parent row: a foreign key constraint fails (`inventory`.`products`, CONSTRAINT `FKrk2vqdfq7yhpy5qgive31cpfi` FOREIGN KEY (`supplier_id`) REFERENCES `suppliers` (`id`))
2024-12-28 00:50:03 ERROR - Cannot delete or update a parent row: a foreign key constraint fails (`inventory`.`products`, CONSTRAINT `FKrk2vqdfq7yhpy5qgive31cpfi` FOREIGN KEY (`supplier_id`) REFERENCES `suppliers` (`id`))
2024-12-28 00:54:17 ERROR - Cannot delete or update a parent row: a foreign key constraint fails (`inventory`.`products`, CONSTRAINT `FKrk2vqdfq7yhpy5qgive31cpfi` FOREIGN KEY (`supplier_id`) REFERENCES `suppliers` (`id`))
2024-12-28 00:54:23 ERROR - Cannot delete or update a parent row: a foreign key constraint fails (`inventory`.`products`, CONSTRAINT `FK827lf8qbstfj3abq30f0asvv6` FOREIGN KEY (`category_id`) REFERENCES `categories` (`id`))
2024-12-28 19:32:29 ERROR - Cannot delete or update a parent row: a foreign key constraint fails (`inventory`.`products`, CONSTRAINT `FK827lf8qbstfj3abq30f0asvv6` FOREIGN KEY (`category_id`) REFERENCES `categories` (`id`))
2024-12-28 19:32:33 ERROR - Cannot delete or update a parent row: a foreign key constraint fails (`inventory`.`products`, CONSTRAINT `FK827lf8qbstfj3abq30f0asvv6` FOREIGN KEY (`category_id`) REFERENCES `categories` (`id`))
2024-12-28 20:21:23 ERROR - Application run failed
org.springframework.beans.factory.BeanDefinitionStoreException: I/O failure while processing configuration class [gr.aueb.cf.inventorymanagementsystem.InventoryManagmentSystemApplication]
	at org.springframework.context.annotation.ConfigurationClassParser.processConfigurationClass(ConfigurationClassParser.java:251)
	at org.springframework.context.annotation.ConfigurationClassParser.parse(ConfigurationClassParser.java:197)
	at org.springframework.context.annotation.ConfigurationClassParser.parse(ConfigurationClassParser.java:165)
	at org.springframework.context.annotation.ConfigurationClassPostProcessor.processConfigBeanDefinitions(ConfigurationClassPostProcessor.java:417)
	at org.springframework.context.annotation.ConfigurationClassPostProcessor.postProcessBeanDefinitionRegistry(ConfigurationClassPostProcessor.java:290)
	at org.springframework.context.support.PostProcessorRegistrationDelegate.invokeBeanDefinitionRegistryPostProcessors(PostProcessorRegistrationDelegate.java:349)
	at org.springframework.context.support.PostProcessorRegistrationDelegate.invokeBeanFactoryPostProcessors(PostProcessorRegistrationDelegate.java:118)
	at org.springframework.context.support.AbstractApplicationContext.invokeBeanFactoryPostProcessors(AbstractApplicationContext.java:789)
	at org.springframework.context.support.AbstractApplicationContext.refresh(AbstractApplicationContext.java:607)
	at org.springframework.boot.web.servlet.context.ServletWebServerApplicationContext.refresh(ServletWebServerApplicationContext.java:146)
	at org.springframework.boot.SpringApplication.refresh(SpringApplication.java:754)
	at org.springframework.boot.SpringApplication.refreshContext(SpringApplication.java:456)
	at org.springframework.boot.SpringApplication.run(SpringApplication.java:335)
	at org.springframework.boot.SpringApplication.run(SpringApplication.java:1363)
	at org.springframework.boot.SpringApplication.run(SpringApplication.java:1352)
	at gr.aueb.cf.inventorymanagementsystem.InventoryManagmentSystemApplication.main(InventoryManagmentSystemApplication.java:14)
	at java.base/jdk.internal.reflect.NativeMethodAccessorImpl.invoke0(Native Method)
	at java.base/jdk.internal.reflect.NativeMethodAccessorImpl.invoke(NativeMethodAccessorImpl.java:77)
	at java.base/jdk.internal.reflect.DelegatingMethodAccessorImpl.invoke(DelegatingMethodAccessorImpl.java:43)
	at java.base/java.lang.reflect.Method.invoke(Method.java:568)
	at org.springframework.boot.devtools.restart.RestartLauncher.run(RestartLauncher.java:50)
Caused by: java.io.FileNotFoundException: class path resource [gr/aueb/cf/inventorymanagementsystem/authentication/AuthenticationService.class] cannot be opened because it does not exist
	at org.springframework.core.io.ClassPathResource.getInputStream(ClassPathResource.java:215)
	at org.springframework.core.type.classreading.SimpleMetadataReader.getClassReader(SimpleMetadataReader.java:54)
	at org.springframework.core.type.classreading.SimpleMetadataReader.<init>(SimpleMetadataReader.java:48)
	at org.springframework.core.type.classreading.SimpleMetadataReaderFactory.getMetadataReader(SimpleMetadataReaderFactory.java:103)
	at org.springframework.boot.type.classreading.ConcurrentReferenceCachingMetadataReaderFactory.createMetadataReader(ConcurrentReferenceCachingMetadataReaderFactory.java:86)
	at org.springframework.boot.type.classreading.ConcurrentReferenceCachingMetadataReaderFactory.getMetadataReader(ConcurrentReferenceCachingMetadataReaderFactory.java:73)
	at org.springframework.core.type.classreading.SimpleMetadataReaderFactory.getMetadataReader(SimpleMetadataReaderFactory.java:81)
	at org.springframework.context.annotation.ConfigurationClassParser.parse(ConfigurationClassParser.java:188)
	at org.springframework.context.annotation.ConfigurationClassParser.doProcessConfigurationClass(ConfigurationClassParser.java:314)
	at org.springframework.context.annotation.ConfigurationClassParser.processConfigurationClass(ConfigurationClassParser.java:246)
	... 20 common frames omitted
2024-12-28 20:23:06 ERROR - Check constraint 'users_chk_1' is violated.
2024-12-28 20:23:17 ERROR - Check constraint 'users_chk_1' is violated.
2024-12-28 20:26:42 ERROR - Check constraint 'users_chk_1' is violated.
2024-12-28 20:28:14 ERROR - Check constraint 'users_chk_1' is violated.
2024-12-28 20:32:42 ERROR - Check constraint 'users_chk_1' is violated.
